<?xml version="1.0" encoding="UTF-8"?>
<testsuite name="com.tomoparts.tomoBay.test.unit.model.royalMail.RoyalMailPasswordDigestTest" tests="2" skipped="0" failures="0" errors="0" timestamp="2017-12-11T23:46:49" hostname="Poseidon" time="0.033">
  <properties/>
  <testcase name="testRoyalMailPasswordDigest" classname="com.tomoparts.tomoBay.test.unit.model.royalMail.RoyalMailPasswordDigestTest" time="0.01"/>
  <testcase name="testDigest" classname="com.tomoparts.tomoBay.test.unit.model.royalMail.RoyalMailPasswordDigestTest" time="0.021"/>
  <system-out><![CDATA[]]></system-out>
  <system-err><![CDATA[]]></system-err>
</testsuite>
