<?xml version="1.0" encoding="UTF-8"?>
<testsuite name="com.tomoparts.tomoBay.test.unit.model.royalMail.RoyalMailPasswordDigestTest" tests="2" skipped="0" failures="0" errors="0" timestamp="2016-07-29T14:14:36" hostname="Poseidon" time="0.005">
  <properties/>
  <testcase name="testRoyalMailPasswordDigest" classname="com.tomoparts.tomoBay.test.unit.model.royalMail.RoyalMailPasswordDigestTest" time="0.003"/>
  <testcase name="testDigest" classname="com.tomoparts.tomoBay.test.unit.model.royalMail.RoyalMailPasswordDigestTest" time="0.002"/>
  <system-out><![CDATA[]]></system-out>
  <system-err><![CDATA[]]></system-err>
</testsuite>
