<?xml version="1.0" encoding="UTF-8"?>
<testsuite name="com.tomoparts.tomoBay.test.unit.model.royalMail.RoyalMailNonceTest" tests="2" skipped="0" failures="0" errors="0" timestamp="2017-12-11T23:46:49" hostname="Poseidon" time="0.097">
  <properties/>
  <testcase name="testRoyalMailNonce" classname="com.tomoparts.tomoBay.test.unit.model.royalMail.RoyalMailNonceTest" time="0.001"/>
  <testcase name="testEncode" classname="com.tomoparts.tomoBay.test.unit.model.royalMail.RoyalMailNonceTest" time="0.095"/>
  <system-out><![CDATA[]]></system-out>
  <system-err><![CDATA[]]></system-err>
</testsuite>
