<?xml version="1.0" encoding="UTF-8"?>
<testsuite name="com.tomoparts.tomoBay.test.unit.view.ViewFactoryTest" tests="5" skipped="0" failures="0" errors="0" timestamp="2017-12-11T23:49:48" hostname="Poseidon" time="0.013">
  <properties/>
  <testcase name="testVisitErrorPresenter" classname="com.tomoparts.tomoBay.test.unit.view.ViewFactoryTest" time="0.002"/>
  <testcase name="testVisitSalesHistoryPresenter" classname="com.tomoparts.tomoBay.test.unit.view.ViewFactoryTest" time="0.004"/>
  <testcase name="testVisitWarehouseOrderPresenter" classname="com.tomoparts.tomoBay.test.unit.view.ViewFactoryTest" time="0.001"/>
  <testcase name="testVisitRootPresenter" classname="com.tomoparts.tomoBay.test.unit.view.ViewFactoryTest" time="0.001"/>
  <testcase name="testVisitSalesOrderPresenter" classname="com.tomoparts.tomoBay.test.unit.view.ViewFactoryTest" time="0.002"/>
  <system-out><![CDATA[]]></system-out>
  <system-err><![CDATA[]]></system-err>
</testsuite>
